# JRE version: OpenJDK Runtime Environment (20.0.1+9) (build 20.0.1+9-29)
# Java VM: OpenJDK 64-Bit Server VM (20.0.1+9-29, mixed mode, emulated-client, sharing, tiered, compressed oops, compressed class ptrs, g1 gc, windows-amd64)
GC Precious Log:
 CardTable entry size: 512
 Card Set container configuration: InlinePtr #cards 5 size 8 Array Of Cards #cards 12 size 40 Howl #buckets 4 coarsen threshold 1843 Howl Bitmap #cards 512 size 80 coarsen threshold 460 Card regions per heap region 1 cards per card region 2048
 CPUs: 4 total, 4 available
 Memory: 3969M
 Large Page Support: Disabled
 NUMA Support: Disabled
 Compressed Oops: Enabled (32-bit)
 Heap Region Size: 1M
 Heap Min Capacity: 8M
 Heap Initial Capacity: 64M
 Heap Max Capacity: 994M
 Pre-touch: Disabled
 Parallel Workers: 4
 Concurrent Workers: 1
 Concurrent Refinement Workers: 4
 Periodic GC: Disabled
Heap:
 garbage-first heap   total 51200K, used 23563K [0x00000000c1e00000, 0x0000000100000000)
  region size 1024K, 6 young (6144K), 4 survivors (4096K)
 Metaspace       used 48253K, committed 48768K, reserved 1114112K
  class space    used 6701K, committed 6912K, reserved 1048576K
GC Heap History (20 events):
Event: 4.763 GC heap before
{Heap before GC invocations=1 (full 0):
 garbage-first heap   total 65536K, used 17032K [0x00000000c1e00000, 0x0000000100000000)
  region size 1024K, 12 young (12288K), 2 survivors (2048K)
 Metaspace       used 7651K, committed 7936K, reserved 1114112K
  class space    used 933K, committed 1088K, reserved 1048576K
}
Event: 4.773 GC heap after
{Heap after GC invocations=2 (full 0):
 garbage-first heap   total 65536K, used 7923K [0x00000000c1e00000, 0x0000000100000000)
  region size 1024K, 2 young (2048K), 2 survivors (2048K)
 Metaspace       used 7651K, committed 7936K, reserved 1114112K
  class space    used 933K, committed 1088K, reserved 1048576K
}
Event: 6.189 GC heap before
{Heap before GC invocations=2 (full 0):
 garbage-first heap   total 65536K, used 33523K [0x00000000c1e00000, 0x0000000100000000)
  region size 1024K, 28 young (28672K), 2 survivors (2048K)
 Metaspace       used 13757K, committed 14080K, reserved 1114112K
  class space    used 1879K, committed 1984K, reserved 1048576K
}
Event: 6.197 GC heap after
{Heap after GC invocations=3 (full 0):
 garbage-first heap   total 65536K, used 9806K [0x00000000c1e00000, 0x0000000100000000)
  region size 1024K, 3 young (3072K), 3 survivors (3072K)
 Metaspace       used 13757K, committed 14080K, reserved 1114112K
  class space    used 1879K, committed 1984K, reserved 1048576K
}
Event: 7.523 GC heap before
{Heap before GC invocations=3 (full 0):
 garbage-first heap   total 65536K, used 44622K [0x00000000c1e00000, 0x0000000100000000)
  region size 1024K, 38 young (38912K), 3 survivors (3072K)
 Metaspace       used 20785K, committed 21056K, reserved 1114112K
  class space    used 2752K, committed 2880K, reserved 1048576K
}
Event: 7.538 GC heap after
{Heap after GC invocations=4 (full 0):
 garbage-first heap   total 65536K, used 13000K [0x00000000c1e00000, 0x0000000100000000)
  region size 1024K, 5 young (5120K), 5 survivors (5120K)
 Metaspace       used 20785K, committed 21056K, reserved 1114112K
  class space    used 2752K, committed 2880K, reserved 1048576K
}
Event: 7.736 GC heap before
{Heap before GC invocations=4 (full 0):
 garbage-first heap   total 65536K, used 17096K [0x00000000c1e00000, 0x0000000100000000)
  region size 1024K, 10 young (10240K), 5 survivors (5120K)
 Metaspace       used 21235K, committed 21504K, reserved 1114112K
  class space    used 2825K, committed 2944K, reserved 1048576K
}
Event: 7.748 GC heap after
{Heap after GC invocations=5 (full 0):
 garbage-first heap   total 65536K, used 13986K [0x00000000c1e00000, 0x0000000100000000)
  region size 1024K, 1 young (1024K), 1 survivors (1024K)
 Metaspace       used 21235K, committed 21504K, reserved 1114112K
  class space    used 2825K, committed 2944K, reserved 1048576K
}
Event: 9.700 GC heap before
{Heap before GC invocations=6 (full 0):
 garbage-first heap   total 51200K, used 43682K [0x00000000c1e00000, 0x0000000100000000)
  region size 1024K, 30 young (30720K), 1 survivors (1024K)
 Metaspace       used 25156K, committed 25600K, reserved 1114112K
  class space    used 3415K, committed 3584K, reserved 1048576K
}
Event: 9.712 GC heap after
{Heap after GC invocations=7 (full 0):
 garbage-first heap   total 51200K, used 15962K [0x00000000c1e00000, 0x0000000100000000)
  region size 1024K, 3 young (3072K), 3 survivors (3072K)
 Metaspace       used 25156K, committed 25600K, reserved 1114112K
  class space    used 3415K, committed 3584K, reserved 1048576K
}
Event: 10.925 GC heap before
{Heap before GC invocations=7 (full 0):
 garbage-first heap   total 51200K, used 41562K [0x00000000c1e00000, 0x0000000100000000)
  region size 1024K, 28 young (28672K), 3 survivors (3072K)
 Metaspace       used 29824K, committed 30336K, reserved 1114112K
  class space    used 4086K, committed 4352K, reserved 1048576K
}
Event: 10.947 GC heap after
{Heap after GC invocations=8 (full 0):
 garbage-first heap   total 51200K, used 18625K [0x00000000c1e00000, 0x0000000100000000)
  region size 1024K, 3 young (3072K), 3 survivors (3072K)
 Metaspace       used 29824K, committed 30336K, reserved 1114112K
  class space    used 4086K, committed 4352K, reserved 1048576K
}
Event: 12.096 GC heap before
{Heap before GC invocations=8 (full 0):
 garbage-first heap   total 51200K, used 41153K [0x00000000c1e00000, 0x0000000100000000)
  region size 1024K, 25 young (25600K), 3 survivors (3072K)
 Metaspace       used 34635K, committed 35200K, reserved 1114112K
  class space    used 4772K, committed 4992K, reserved 1048576K
}
Event: 12.103 GC heap after
{Heap after GC invocations=9 (full 0):
 garbage-first heap   total 51200K, used 19837K [0x00000000c1e00000, 0x0000000100000000)
  region size 1024K, 2 young (2048K), 2 survivors (2048K)
 Metaspace       used 34635K, committed 35200K, reserved 1114112K
  class space    used 4772K, committed 4992K, reserved 1048576K
}
Event: 12.300 GC heap before
{Heap before GC invocations=9 (full 0):
 garbage-first heap   total 51200K, used 23933K [0x00000000c1e00000, 0x0000000100000000)
  region size 1024K, 7 young (7168K), 2 survivors (2048K)
 Metaspace       used 35461K, committed 35968K, reserved 1114112K
  class space    used 4911K, committed 5120K, reserved 1048576K
}
Event: 12.303 GC heap after
{Heap after GC invocations=10 (full 0):
 garbage-first heap   total 51200K, used 19908K [0x00000000c1e00000, 0x0000000100000000)
  region size 1024K, 2 young (2048K), 2 survivors (2048K)
 Metaspace       used 35461K, committed 35968K, reserved 1114112K
  class space    used 4911K, committed 5120K, reserved 1048576K
}
Event: 14.423 GC heap before
{Heap before GC invocations=11 (full 0):
 garbage-first heap   total 51200K, used 42436K [0x00000000c1e00000, 0x0000000100000000)
  region size 1024K, 25 young (25600K), 2 survivors (2048K)
 Metaspace       used 41640K, committed 42176K, reserved 1114112K
  class space    used 5732K, committed 5952K, reserved 1048576K
}
Event: 14.431 GC heap after
{Heap after GC invocations=12 (full 0):
 garbage-first heap   total 51200K, used 21451K [0x00000000c1e00000, 0x0000000100000000)
  region size 1024K, 3 young (3072K), 3 survivors (3072K)
 Metaspace       used 41640K, committed 42176K, reserved 1114112K
  class space    used 5732K, committed 5952K, reserved 1048576K
}
Event: 17.406 GC heap before
{Heap before GC invocations=12 (full 0):
 garbage-first heap   total 51200K, used 43979K [0x00000000c1e00000, 0x0000000100000000)
  region size 1024K, 26 young (26624K), 3 survivors (3072K)
 Metaspace       used 48044K, committed 48640K, reserved 1114112K
  class space    used 6661K, committed 6912K, reserved 1048576K
}
Event: 17.415 GC heap after
{Heap after GC invocations=13 (full 0):
 garbage-first heap   total 51200K, used 22539K [0x00000000c1e00000, 0x0000000100000000)
  region size 1024K, 4 young (4096K), 4 survivors (4096K)
 Metaspace       used 48044K, committed 48640K, reserved 1114112K
  class space    used 6661K, committed 6912K, reserved 1048576K
}

